ERROR [mprocs::error] Error: Input/output error (os error 5)
ERROR [mprocs::error] Error: channel closed
ERROR [mprocs::error] Error: channel closed
ERROR [mprocs::error] Error: channel closed
ERROR [mprocs::error] Error: channel closed
ERROR [mprocs::error] Error: channel closed
ERROR [mprocs::error] Error: channel closed
ERROR [mprocs::error] Error: channel closed
ERROR [mprocs::error] Error: channel closed
ERROR [mprocs::error] Error: channel closed
ERROR [mprocs::error] Error: Input/output error (os error 5)
ERROR [mprocs::error] Error: channel closed
ERROR [mprocs::error] Error: Input/output error (os error 5)
ERROR [mprocs::error] Error: channel closed
ERROR [mprocs::error] Error: channel closed
ERROR [mprocs::error] Error: channel closed
ERROR [mprocs] Got panic. @info:panicked at library/std/src/io/stdio.rs:1165:9:
failed printing to stderr: Input/output error (os error 5)
@stackTrace:disabled backtrace
ERROR [mprocs::error] Error: Input/output error (os error 5)
ERROR [mprocs::error] Error: channel closed
ERROR [mprocs::error] Error: channel closed
ERROR [mprocs::error] Error: channel closed
ERROR [mprocs::error] Error: channel closed
ERROR [mprocs] Got panic. @info:panicked at library/std/src/io/stdio.rs:1165:9:
failed printing to stderr: Input/output error (os error 5)
@stackTrace:disabled backtrace
ERROR [mprocs::error] Error: Input/output error (os error 5)
ERROR [mprocs::error] Error: channel closed
ERROR [mprocs::error] Error: channel closed
ERROR [mprocs::error] Error: channel closed
ERROR [mprocs] Got panic. @info:panicked at library/std/src/io/stdio.rs:1165:9:
failed printing to stderr: Input/output error (os error 5)
@stackTrace:disabled backtrace
ERROR [mprocs::error] Error: Input/output error (os error 5)
ERROR [mprocs::error] Error: channel closed
ERROR [mprocs::error] Error: channel closed
ERROR [mprocs::error] Error: channel closed
ERROR [mprocs::error] Error: channel closed
ERROR [mprocs] Got panic. @info:panicked at library/std/src/io/stdio.rs:1165:9:
failed printing to stderr: Input/output error (os error 5)
@stackTrace:disabled backtrace
ERROR [mprocs::error] Error: channel closed
ERROR [mprocs::error] Error: channel closed
ERROR [mprocs] Got panic. @info:panicked at src/app.rs:795:14:
not yet implemented
@stackTrace:disabled backtrace
ERROR [mprocs] Got panic. @info:panicked at src/app.rs:795:14:
not yet implemented
@stackTrace:disabled backtrace
ERROR [mprocs::error] Error: channel closed
ERROR [mprocs::error] Error: Input/output error (os error 5)
ERROR [mprocs::error] Error: channel closed
ERROR [mprocs::error] Error: channel closed
